Build started 18-11-2013 11:13:02.
     1>Project "C:\Users\Meri\ComputerVisionGMT\Assignment 1\Assignment 1\Assignment 1.vcxproj" on node 2 (Build target(s)).
     1>ClCompile:
         C:\Program Files (x86)\Microsoft Visual Studio 11.0\VC\bin\CL.exe /c /AI"C:\Program Files (x86)\Reference Assemblies\Microsoft\Framework\.NETFramework\v4.5\\" /AI"C:\Program Files (x86)\Windows Kits\8.0\References\CommonConfiguration\Neutral" /AI"C:\Program Files (x86)\Reference Assemblies\Microsoft\Framework\.NETFramework\v4.5\Facades\\" /Zi /clr /nologo /W3 /WX- /Od /Oy- /D WIN32 /D _DEBUG /D _UNICODE /D UNICODE /EHa /MDd /GS /fp:precise /Zc:wchar_t /Zc:forScope /Fo"Debug\\" /Fd"Debug\vc110.pdb" /TP /FU"C:\Program Files (x86)\Reference Assemblies\Microsoft\Framework\.NETFramework\v4.5\mscorlib.dll" /analyze- /errorReport:prompt /clr:nostdlib camera_calibration.cpp main.cpp
         camera_calibration.cpp
     1>camera_calibration.cpp(6): fatal error C1083: Cannot open include file: 'opencv2/core/core.hpp': No such file or directory
         main.cpp
     1>main.cpp(1): fatal error C1083: Cannot open include file: 'opencv/cv.h': No such file or directory
         Generating Code...
     1>Done Building Project "C:\Users\Meri\ComputerVisionGMT\Assignment 1\Assignment 1\Assignment 1.vcxproj" (Build target(s)) -- FAILED.

Build FAILED.

Time Elapsed 00:00:00.67
