Build started 14-11-2013 13:03:20.
     1>Project "C:\Users\Inge\documents\visual studio 2012\Projects\Computer Vision\Assignment1\Assignment1\Assignment1.vcxproj" on node 2 (Build target(s)).
     1>Link:
         C:\Program Files (x86)\Microsoft Visual Studio 11.0\VC\bin\link.exe /ERRORREPORT:PROMPT /OUT:"C:\Users\Inge\documents\visual studio 2012\Projects\Computer Vision\Assignment1\Release\Assignment1.exe" /INCREMENTAL:NO /NOLOGO /LIBPATH:C:\opencv246\build\bin\x86\vc11\lib opencv_core246.lib opencv_imgproc246.lib opencv_highgui246.lib opencv_ml246.lib opencv_video246.lib opencv_features2d246.lib opencv_calib3d246.lib opencv_objdetect246.lib opencv_contrib246.lib opencv_legacy246.lib opencv_flann246.lib /MANIFEST /MANIFESTUAC:"level='asInvoker' uiAccess='false'" /manifest:embed /DEBUG /PDB:"C:\Users\Inge\documents\visual studio 2012\Projects\Computer Vision\Assignment1\Release\Assignment1.pdb" /TLBID:1 /DYNAMICBASE /FIXED:NO /NXCOMPAT /MACHINE:X86 /SAFESEH Release\main.obj
         "Release\.NETFramework,Version=v4.5.AssemblyAttributes.obj"
     1>LINK : fatal error LNK1181: cannot open input file 'opencv_core246.lib'
     1>Done Building Project "C:\Users\Inge\documents\visual studio 2012\Projects\Computer Vision\Assignment1\Assignment1\Assignment1.vcxproj" (Build target(s)) -- FAILED.

Build FAILED.

Time Elapsed 00:00:00.10
